<?xml version="1.0" encoding="UTF-8"?>
<!-- Generated by org.testng.reporters.JUnitReportReporter -->
<testsuite skipped="0" hostname="INFJHN2052" name="Task2_WebProtector.WebProtector" tests="4" failures="0" timestamp="30 Aug 2020 13:15:37 GMT" time="14.031" errors="0">
  <testcase name="ValidateTitleOnUserListTable" time="5.618" classname="Task2_WebProtector.WebProtector"/>
  <testcase name="AddUserDetails" time="4.494" classname="Task2_WebProtector.WebProtector"/>
  <testcase name="AddUserDetails" time="3.436" classname="Task2_WebProtector.WebProtector"/>
  <testcase name="SearchAddedUsersInWebTable" time="0.483" classname="Task2_WebProtector.WebProtector"/>
</testsuite> <!-- Task2_WebProtector.WebProtector -->
